  condition_parser.cpp
  condition_parser_test.cpp
  database.cpp
C:\Program Files (x86)\Microsoft Visual Studio\2019\Community\VC\Tools\MSVC\14.25.28610\include\xstddef(127,22): error C2676: бинарный "<": "const _Ty" не определяет этот оператор или преобразование к типу приемлемо к встроенному оператору
          with
          [
              _Ty=Date
          ]
C:\Program Files (x86)\Microsoft Visual Studio\2019\Community\VC\Tools\MSVC\14.25.28610\include\xstddef(126): message : во время компиляции функции-члена класс шаблон "bool std::less<Date>::operator ()(const _Ty &,const _Ty &) const"
          with
          [
              _Ty=Date
          ]
C:\Program Files (x86)\Microsoft Visual Studio\2019\Community\VC\Tools\MSVC\14.25.28610\include\xutility(1469): message : выполняется компиляция ссылки на экземпляр шаблон функции "bool std::less<Date>::operator ()(const _Ty &,const _Ty &) const"
          with
          [
              _Ty=Date
          ]
C:\Program Files (x86)\Microsoft Visual Studio\2019\Community\VC\Tools\MSVC\14.25.28610\include\xmemory(1318): message : выполняется компиляция ссылки на экземпляр класс шаблон функции "std::less<Date>"
C:\Program Files (x86)\Microsoft Visual Studio\2019\Community\VC\Tools\MSVC\14.25.28610\include\xmemory(1318): message : выполняется компиляция ссылки на шаблон переменной "const bool is_empty_v<std::less<Date> >"
C:\Program Files (x86)\Microsoft Visual Studio\2019\Community\VC\Tools\MSVC\14.25.28610\include\map(75): message : выполняется компиляция ссылки на экземпляр класс шаблон функции "std::_Tree<std::_Tmap_traits<_Kty,_Ty,_Pr,_Alloc,false>>"
          with
          [
              _Kty=Date,
              _Ty=std::vector<std::string,std::allocator<std::string>>,
              _Pr=std::less<Date>,
              _Alloc=std::allocator<std::pair<const Date,std::vector<std::string,std::allocator<std::string>>>>
          ]
C:\Users\Влад\source\repos\YellowFinal\YellowFinal\database.h(15): message : выполняется компиляция ссылки на экземпляр класс шаблон функции "std::map<Date,std::vector<std::string,std::allocator<std::string>>,std::less<Date>,std::allocator<std::pair<const Date,std::vector<std::string,std::allocator<std::string>>>>>"
  date.cpp
  test_runner.cpp
  Token.cpp
  YellowFinal.cpp
  Создание кода...
